Rasa process starting
Rasa process starting
Rasa process starting
From C:\Users\Asus.DESKTOP-4PF9MH4\AppData\Local\Programs\Python\Python36\lib\site-packages\tensorflow\python\training\saver.py:1266: checkpoint_exists (from tensorflow.python.training.checkpoint_management) is deprecated and will be removed in a future version.
Instructions for updating:
Use standard file APIs to check for files with this prefix.
Restoring parameters from models/nlu/default/farm_nlu\component_4_EmbeddingIntentClassifier.ckpt
Scheduler started
Rasa process starting
From C:\Users\Asus.DESKTOP-4PF9MH4\AppData\Local\Programs\Python\Python36\lib\site-packages\tensorflow\python\training\saver.py:1266: checkpoint_exists (from tensorflow.python.training.checkpoint_management) is deprecated and will be removed in a future version.
Instructions for updating:
Use standard file APIs to check for files with this prefix.
Restoring parameters from models/nlu/default/farm_nlu\component_4_EmbeddingIntentClassifier.ckpt
Scheduler started
From C:\Users\Asus.DESKTOP-4PF9MH4\AppData\Local\Programs\Python\Python36\lib\site-packages\tensorflow\python\ops\resource_variable_ops.py:435: colocate_with (from tensorflow.python.framework.ops) is deprecated and will be removed in a future version.
Instructions for updating:
Colocations handled automatically by placer.
From C:\Users\Asus.DESKTOP-4PF9MH4\AppData\Local\Programs\Python\Python36\lib\site-packages\tensorflow\python\keras\backend.py:4010: calling dropout (from tensorflow.python.ops.nn_ops) with keep_prob is deprecated and will be removed in a future version.
Instructions for updating:
Please use `rate` instead of `keep_prob`. Rate should be set to `rate = 1 - keep_prob`.
From C:\Users\Asus.DESKTOP-4PF9MH4\AppData\Local\Programs\Python\Python36\lib\site-packages\tensorflow\python\ops\math_ops.py:3066: to_int32 (from tensorflow.python.ops.math_ops) is deprecated and will be removed in a future version.
Instructions for updating:
Use tf.cast instead.
Rasa Core server is up and running on http://localhost:5002
Rasa process starting
From C:\Users\Asus.DESKTOP-4PF9MH4\AppData\Local\Programs\Python\Python36\lib\site-packages\tensorflow\python\training\saver.py:1266: checkpoint_exists (from tensorflow.python.training.checkpoint_management) is deprecated and will be removed in a future version.
Instructions for updating:
Use standard file APIs to check for files with this prefix.
Restoring parameters from models/nlu/default/farm_nlu\component_4_EmbeddingIntentClassifier.ckpt
Scheduler started
From C:\Users\Asus.DESKTOP-4PF9MH4\AppData\Local\Programs\Python\Python36\lib\site-packages\tensorflow\python\ops\resource_variable_ops.py:435: colocate_with (from tensorflow.python.framework.ops) is deprecated and will be removed in a future version.
Instructions for updating:
Colocations handled automatically by placer.
From C:\Users\Asus.DESKTOP-4PF9MH4\AppData\Local\Programs\Python\Python36\lib\site-packages\tensorflow\python\keras\backend.py:4010: calling dropout (from tensorflow.python.ops.nn_ops) with keep_prob is deprecated and will be removed in a future version.
Instructions for updating:
Please use `rate` instead of `keep_prob`. Rate should be set to `rate = 1 - keep_prob`.
From C:\Users\Asus.DESKTOP-4PF9MH4\AppData\Local\Programs\Python\Python36\lib\site-packages\tensorflow\python\ops\math_ops.py:3066: to_int32 (from tensorflow.python.ops.math_ops) is deprecated and will be removed in a future version.
Instructions for updating:
Use tf.cast instead.
Rasa Core server is up and running on http://localhost:5002
Rasa process starting
From C:\Users\Asus.DESKTOP-4PF9MH4\AppData\Local\Programs\Python\Python36\lib\site-packages\tensorflow\python\training\saver.py:1266: checkpoint_exists (from tensorflow.python.training.checkpoint_management) is deprecated and will be removed in a future version.
Instructions for updating:
Use standard file APIs to check for files with this prefix.
Restoring parameters from models/nlu/default/farm_nlu\component_4_EmbeddingIntentClassifier.ckpt
Scheduler started
From C:\Users\Asus.DESKTOP-4PF9MH4\AppData\Local\Programs\Python\Python36\lib\site-packages\tensorflow\python\ops\resource_variable_ops.py:435: colocate_with (from tensorflow.python.framework.ops) is deprecated and will be removed in a future version.
Instructions for updating:
Colocations handled automatically by placer.
From C:\Users\Asus.DESKTOP-4PF9MH4\AppData\Local\Programs\Python\Python36\lib\site-packages\tensorflow\python\keras\backend.py:4010: calling dropout (from tensorflow.python.ops.nn_ops) with keep_prob is deprecated and will be removed in a future version.
Instructions for updating:
Please use `rate` instead of `keep_prob`. Rate should be set to `rate = 1 - keep_prob`.
From C:\Users\Asus.DESKTOP-4PF9MH4\AppData\Local\Programs\Python\Python36\lib\site-packages\tensorflow\python\ops\math_ops.py:3066: to_int32 (from tensorflow.python.ops.math_ops) is deprecated and will be removed in a future version.
Instructions for updating:
Use tf.cast instead.
Rasa Core server is up and running on http://localhost:5002
Rasa process starting
From C:\Users\Asus.DESKTOP-4PF9MH4\AppData\Local\Programs\Python\Python36\lib\site-packages\tensorflow\python\training\saver.py:1266: checkpoint_exists (from tensorflow.python.training.checkpoint_management) is deprecated and will be removed in a future version.
Instructions for updating:
Use standard file APIs to check for files with this prefix.
Restoring parameters from models/nlu/default/farm_nlu\component_4_EmbeddingIntentClassifier.ckpt
Scheduler started
From C:\Users\Asus.DESKTOP-4PF9MH4\AppData\Local\Programs\Python\Python36\lib\site-packages\tensorflow\python\ops\resource_variable_ops.py:435: colocate_with (from tensorflow.python.framework.ops) is deprecated and will be removed in a future version.
Instructions for updating:
Colocations handled automatically by placer.
From C:\Users\Asus.DESKTOP-4PF9MH4\AppData\Local\Programs\Python\Python36\lib\site-packages\tensorflow\python\keras\backend.py:4010: calling dropout (from tensorflow.python.ops.nn_ops) with keep_prob is deprecated and will be removed in a future version.
Instructions for updating:
Please use `rate` instead of `keep_prob`. Rate should be set to `rate = 1 - keep_prob`.
From C:\Users\Asus.DESKTOP-4PF9MH4\AppData\Local\Programs\Python\Python36\lib\site-packages\tensorflow\python\ops\math_ops.py:3066: to_int32 (from tensorflow.python.ops.math_ops) is deprecated and will be removed in a future version.
Instructions for updating:
Use tf.cast instead.
Rasa process starting
From C:\Users\Asus.DESKTOP-4PF9MH4\AppData\Local\Programs\Python\Python36\lib\site-packages\tensorflow\python\training\saver.py:1266: checkpoint_exists (from tensorflow.python.training.checkpoint_management) is deprecated and will be removed in a future version.
Instructions for updating:
Use standard file APIs to check for files with this prefix.
Restoring parameters from models/nlu/default/farm_nlu\component_4_EmbeddingIntentClassifier.ckpt
Scheduler started
Rasa process starting
From C:\Users\Asus.DESKTOP-4PF9MH4\AppData\Local\Programs\Python\Python36\lib\site-packages\tensorflow\python\training\saver.py:1266: checkpoint_exists (from tensorflow.python.training.checkpoint_management) is deprecated and will be removed in a future version.
Instructions for updating:
Use standard file APIs to check for files with this prefix.
Restoring parameters from models/nlu/default/farm_nlu\component_4_EmbeddingIntentClassifier.ckpt
Scheduler started
From C:\Users\Asus.DESKTOP-4PF9MH4\AppData\Local\Programs\Python\Python36\lib\site-packages\tensorflow\python\ops\resource_variable_ops.py:435: colocate_with (from tensorflow.python.framework.ops) is deprecated and will be removed in a future version.
Instructions for updating:
Colocations handled automatically by placer.
From C:\Users\Asus.DESKTOP-4PF9MH4\AppData\Local\Programs\Python\Python36\lib\site-packages\tensorflow\python\keras\backend.py:4010: calling dropout (from tensorflow.python.ops.nn_ops) with keep_prob is deprecated and will be removed in a future version.
Instructions for updating:
Please use `rate` instead of `keep_prob`. Rate should be set to `rate = 1 - keep_prob`.
From C:\Users\Asus.DESKTOP-4PF9MH4\AppData\Local\Programs\Python\Python36\lib\site-packages\tensorflow\python\ops\math_ops.py:3066: to_int32 (from tensorflow.python.ops.math_ops) is deprecated and will be removed in a future version.
Instructions for updating:
Use tf.cast instead.
Rasa Core server is up and running on http://localhost:5002
Rasa process starting
From C:\Users\Asus.DESKTOP-4PF9MH4\AppData\Local\Programs\Python\Python36\lib\site-packages\tensorflow\python\training\saver.py:1266: checkpoint_exists (from tensorflow.python.training.checkpoint_management) is deprecated and will be removed in a future version.
Instructions for updating:
Use standard file APIs to check for files with this prefix.
Restoring parameters from models/nlu/default/farm_nlu\component_4_EmbeddingIntentClassifier.ckpt
Scheduler started
From C:\Users\Asus.DESKTOP-4PF9MH4\AppData\Local\Programs\Python\Python36\lib\site-packages\tensorflow\python\ops\resource_variable_ops.py:435: colocate_with (from tensorflow.python.framework.ops) is deprecated and will be removed in a future version.
Instructions for updating:
Colocations handled automatically by placer.
From C:\Users\Asus.DESKTOP-4PF9MH4\AppData\Local\Programs\Python\Python36\lib\site-packages\tensorflow\python\keras\backend.py:4010: calling dropout (from tensorflow.python.ops.nn_ops) with keep_prob is deprecated and will be removed in a future version.
Instructions for updating:
Please use `rate` instead of `keep_prob`. Rate should be set to `rate = 1 - keep_prob`.
From C:\Users\Asus.DESKTOP-4PF9MH4\AppData\Local\Programs\Python\Python36\lib\site-packages\tensorflow\python\ops\math_ops.py:3066: to_int32 (from tensorflow.python.ops.math_ops) is deprecated and will be removed in a future version.
Instructions for updating:
Use tf.cast instead.
Rasa Core server is up and running on http://localhost:5002
Rasa process starting
From C:\Users\Asus.DESKTOP-4PF9MH4\AppData\Local\Programs\Python\Python36\lib\site-packages\tensorflow\python\training\saver.py:1266: checkpoint_exists (from tensorflow.python.training.checkpoint_management) is deprecated and will be removed in a future version.
Instructions for updating:
Use standard file APIs to check for files with this prefix.
Restoring parameters from models/nlu/default/farm_nlu\component_4_EmbeddingIntentClassifier.ckpt
Scheduler started
From C:\Users\Asus.DESKTOP-4PF9MH4\AppData\Local\Programs\Python\Python36\lib\site-packages\tensorflow\python\ops\resource_variable_ops.py:435: colocate_with (from tensorflow.python.framework.ops) is deprecated and will be removed in a future version.
Instructions for updating:
Colocations handled automatically by placer.
From C:\Users\Asus.DESKTOP-4PF9MH4\AppData\Local\Programs\Python\Python36\lib\site-packages\tensorflow\python\keras\backend.py:4010: calling dropout (from tensorflow.python.ops.nn_ops) with keep_prob is deprecated and will be removed in a future version.
Instructions for updating:
Please use `rate` instead of `keep_prob`. Rate should be set to `rate = 1 - keep_prob`.
From C:\Users\Asus.DESKTOP-4PF9MH4\AppData\Local\Programs\Python\Python36\lib\site-packages\tensorflow\python\ops\math_ops.py:3066: to_int32 (from tensorflow.python.ops.math_ops) is deprecated and will be removed in a future version.
Instructions for updating:
Use tf.cast instead.
Rasa Core server is up and running on http://localhost:5002
Rasa process starting
From C:\Users\Asus.DESKTOP-4PF9MH4\AppData\Local\Programs\Python\Python36\lib\site-packages\tensorflow\python\training\saver.py:1266: checkpoint_exists (from tensorflow.python.training.checkpoint_management) is deprecated and will be removed in a future version.
Instructions for updating:
Use standard file APIs to check for files with this prefix.
Restoring parameters from models/nlu/default/farm_nlu\component_4_EmbeddingIntentClassifier.ckpt
Scheduler started
From C:\Users\Asus.DESKTOP-4PF9MH4\AppData\Local\Programs\Python\Python36\lib\site-packages\tensorflow\python\ops\resource_variable_ops.py:435: colocate_with (from tensorflow.python.framework.ops) is deprecated and will be removed in a future version.
Instructions for updating:
Colocations handled automatically by placer.
From C:\Users\Asus.DESKTOP-4PF9MH4\AppData\Local\Programs\Python\Python36\lib\site-packages\tensorflow\python\keras\backend.py:4010: calling dropout (from tensorflow.python.ops.nn_ops) with keep_prob is deprecated and will be removed in a future version.
Instructions for updating:
Please use `rate` instead of `keep_prob`. Rate should be set to `rate = 1 - keep_prob`.
From C:\Users\Asus.DESKTOP-4PF9MH4\AppData\Local\Programs\Python\Python36\lib\site-packages\tensorflow\python\ops\math_ops.py:3066: to_int32 (from tensorflow.python.ops.math_ops) is deprecated and will be removed in a future version.
Instructions for updating:
Use tf.cast instead.
Rasa Core server is up and running on http://localhost:5002
Rasa process starting
From C:\Users\Asus.DESKTOP-4PF9MH4\AppData\Local\Programs\Python\Python36\lib\site-packages\tensorflow\python\training\saver.py:1266: checkpoint_exists (from tensorflow.python.training.checkpoint_management) is deprecated and will be removed in a future version.
Instructions for updating:
Use standard file APIs to check for files with this prefix.
Restoring parameters from models/nlu/default/farm_nlu\component_4_EmbeddingIntentClassifier.ckpt
Scheduler started
From C:\Users\Asus.DESKTOP-4PF9MH4\AppData\Local\Programs\Python\Python36\lib\site-packages\tensorflow\python\ops\resource_variable_ops.py:435: colocate_with (from tensorflow.python.framework.ops) is deprecated and will be removed in a future version.
Instructions for updating:
Colocations handled automatically by placer.
From C:\Users\Asus.DESKTOP-4PF9MH4\AppData\Local\Programs\Python\Python36\lib\site-packages\tensorflow\python\keras\backend.py:4010: calling dropout (from tensorflow.python.ops.nn_ops) with keep_prob is deprecated and will be removed in a future version.
Instructions for updating:
Please use `rate` instead of `keep_prob`. Rate should be set to `rate = 1 - keep_prob`.
From C:\Users\Asus.DESKTOP-4PF9MH4\AppData\Local\Programs\Python\Python36\lib\site-packages\tensorflow\python\ops\math_ops.py:3066: to_int32 (from tensorflow.python.ops.math_ops) is deprecated and will be removed in a future version.
Instructions for updating:
Use tf.cast instead.
Rasa Core server is up and running on http://localhost:5002
Rasa process starting
From C:\Users\Asus.DESKTOP-4PF9MH4\AppData\Local\Programs\Python\Python36\lib\site-packages\tensorflow\python\training\saver.py:1266: checkpoint_exists (from tensorflow.python.training.checkpoint_management) is deprecated and will be removed in a future version.
Instructions for updating:
Use standard file APIs to check for files with this prefix.
Restoring parameters from models/nlu/default/farm_nlu\component_4_EmbeddingIntentClassifier.ckpt
Scheduler started
From C:\Users\Asus.DESKTOP-4PF9MH4\AppData\Local\Programs\Python\Python36\lib\site-packages\tensorflow\python\ops\resource_variable_ops.py:435: colocate_with (from tensorflow.python.framework.ops) is deprecated and will be removed in a future version.
Instructions for updating:
Colocations handled automatically by placer.
From C:\Users\Asus.DESKTOP-4PF9MH4\AppData\Local\Programs\Python\Python36\lib\site-packages\tensorflow\python\keras\backend.py:4010: calling dropout (from tensorflow.python.ops.nn_ops) with keep_prob is deprecated and will be removed in a future version.
Instructions for updating:
Please use `rate` instead of `keep_prob`. Rate should be set to `rate = 1 - keep_prob`.
From C:\Users\Asus.DESKTOP-4PF9MH4\AppData\Local\Programs\Python\Python36\lib\site-packages\tensorflow\python\ops\math_ops.py:3066: to_int32 (from tensorflow.python.ops.math_ops) is deprecated and will be removed in a future version.
Instructions for updating:
Use tf.cast instead.
Rasa Core server is up and running on http://localhost:5005
Rasa process starting
From C:\Users\Asus.DESKTOP-4PF9MH4\AppData\Local\Programs\Python\Python36\lib\site-packages\tensorflow\python\training\saver.py:1266: checkpoint_exists (from tensorflow.python.training.checkpoint_management) is deprecated and will be removed in a future version.
Instructions for updating:
Use standard file APIs to check for files with this prefix.
Restoring parameters from models/nlu/default/farm_nlu\component_4_EmbeddingIntentClassifier.ckpt
Scheduler started
From C:\Users\Asus.DESKTOP-4PF9MH4\AppData\Local\Programs\Python\Python36\lib\site-packages\tensorflow\python\ops\resource_variable_ops.py:435: colocate_with (from tensorflow.python.framework.ops) is deprecated and will be removed in a future version.
Instructions for updating:
Colocations handled automatically by placer.
From C:\Users\Asus.DESKTOP-4PF9MH4\AppData\Local\Programs\Python\Python36\lib\site-packages\tensorflow\python\keras\backend.py:4010: calling dropout (from tensorflow.python.ops.nn_ops) with keep_prob is deprecated and will be removed in a future version.
Instructions for updating:
Please use `rate` instead of `keep_prob`. Rate should be set to `rate = 1 - keep_prob`.
From C:\Users\Asus.DESKTOP-4PF9MH4\AppData\Local\Programs\Python\Python36\lib\site-packages\tensorflow\python\ops\math_ops.py:3066: to_int32 (from tensorflow.python.ops.math_ops) is deprecated and will be removed in a future version.
Instructions for updating:
Use tf.cast instead.
Rasa Core server is up and running on http://localhost:5005
Action 'action_tanam' set a slot type 'pot' that it never set during the training. This can throw of the prediction. Make sure to include training examples in your stories for the different types of slots this action can return. Remember: you need to set the slots manually in the stories by adding '- slot{"pot": "botol"}' after the action.
Action 'action_tanam' set a slot type 'pot' that it never set during the training. This can throw of the prediction. Make sure to include training examples in your stories for the different types of slots this action can return. Remember: you need to set the slots manually in the stories by adding '- slot{"pot": "polybag"}' after the action.
Action 'action_tanam' set a slot type 'pot' that it never set during the training. This can throw of the prediction. Make sure to include training examples in your stories for the different types of slots this action can return. Remember: you need to set the slots manually in the stories by adding '- slot{"pot": "polybag"}' after the action.
Rasa process starting
From C:\Users\Asus.DESKTOP-4PF9MH4\AppData\Local\Programs\Python\Python36\lib\site-packages\tensorflow\python\training\saver.py:1266: checkpoint_exists (from tensorflow.python.training.checkpoint_management) is deprecated and will be removed in a future version.
Instructions for updating:
Use standard file APIs to check for files with this prefix.
Restoring parameters from models/nlu/default/farm_nlu\component_4_EmbeddingIntentClassifier.ckpt
Scheduler started
From C:\Users\Asus.DESKTOP-4PF9MH4\AppData\Local\Programs\Python\Python36\lib\site-packages\tensorflow\python\ops\resource_variable_ops.py:435: colocate_with (from tensorflow.python.framework.ops) is deprecated and will be removed in a future version.
Instructions for updating:
Colocations handled automatically by placer.
From C:\Users\Asus.DESKTOP-4PF9MH4\AppData\Local\Programs\Python\Python36\lib\site-packages\tensorflow\python\keras\backend.py:4010: calling dropout (from tensorflow.python.ops.nn_ops) with keep_prob is deprecated and will be removed in a future version.
Instructions for updating:
Please use `rate` instead of `keep_prob`. Rate should be set to `rate = 1 - keep_prob`.
From C:\Users\Asus.DESKTOP-4PF9MH4\AppData\Local\Programs\Python\Python36\lib\site-packages\tensorflow\python\ops\math_ops.py:3066: to_int32 (from tensorflow.python.ops.math_ops) is deprecated and will be removed in a future version.
Instructions for updating:
Use tf.cast instead.
Rasa Core server is up and running on http://localhost:5005
Action 'action_siram' set a slot type 'plant' that it never set during the training. This can throw of the prediction. Make sure to include training examples in your stories for the different types of slots this action can return. Remember: you need to set the slots manually in the stories by adding '- slot{"plant": "tomat"}' after the action.
Action 'action_pupuk' set a slot type 'plant' that it never set during the training. This can throw of the prediction. Make sure to include training examples in your stories for the different types of slots this action can return. Remember: you need to set the slots manually in the stories by adding '- slot{"plant": "cabe"}' after the action.
Action 'action_siram' set a slot type 'plant' that it never set during the training. This can throw of the prediction. Make sure to include training examples in your stories for the different types of slots this action can return. Remember: you need to set the slots manually in the stories by adding '- slot{"plant": "cabe"}' after the action.
Action 'action_siram' set a slot type 'plant' that it never set during the training. This can throw of the prediction. Make sure to include training examples in your stories for the different types of slots this action can return. Remember: you need to set the slots manually in the stories by adding '- slot{"plant": "sawi"}' after the action.
Action 'action_pupuk' set a slot type 'plant' that it never set during the training. This can throw of the prediction. Make sure to include training examples in your stories for the different types of slots this action can return. Remember: you need to set the slots manually in the stories by adding '- slot{"plant": "sawi"}' after the action.
